Analysis & Synthesis report for LPRS1_CPU
Tue Jan 17 16:44:38 2023
Quartus Prime Version 19.1.0 Build 670 09/22/2019 SJ Lite Edition


---------------------
; Table of Contents ;
---------------------
  1. Legal Notice
  2. Analysis & Synthesis Summary
  3. Analysis & Synthesis Settings
  4. Parallel Compilation
  5. Analysis & Synthesis Source Files Read
  6. Analysis & Synthesis Resource Usage Summary
  7. Analysis & Synthesis Resource Utilization by Entity
  8. State Machine - |top|push_buttons_dec_io_ctrl:i_pbd|sDIR_PREV
  9. State Machine - |top|push_buttons_dec_io_ctrl:i_pbd|sDIR
 10. Registers Removed During Synthesis
 11. General Register Statistics
 12. Inverted Register Statistics
 13. Multiplexer Restructuring Statistics (Restructuring Performed)
 14. Parameter Settings for User Entity Instance: Top-level Entity: |top
 15. Parameter Settings for User Entity Instance: cpu_top:cpu_top_i|reg:r0_i
 16. Parameter Settings for User Entity Instance: cpu_top:cpu_top_i|reg:r1_i
 17. Parameter Settings for User Entity Instance: cpu_top:cpu_top_i|reg:r2_i
 18. Parameter Settings for User Entity Instance: cpu_top:cpu_top_i|reg:r3_i
 19. Parameter Settings for User Entity Instance: cpu_top:cpu_top_i|reg:r4_i
 20. Parameter Settings for User Entity Instance: cpu_top:cpu_top_i|reg:r5_i
 21. Parameter Settings for User Entity Instance: cpu_top:cpu_top_i|reg:r6_i
 22. Parameter Settings for User Entity Instance: cpu_top:cpu_top_i|reg:r7_i
 23. Parameter Settings for User Entity Instance: rgb_matrix_io_ctrl:i_rgb
 24. Parameter Settings for User Entity Instance: rgb_matrix_io_ctrl:i_rgb|counter:en_row_cnt_inst
 25. Parameter Settings for User Entity Instance: rgb_matrix_io_ctrl:i_rgb|counter:mux_row_cnt_inst
 26. Parameter Settings for User Entity Instance: rgb_matrix_io_ctrl:i_rgb|counter:mux_color_cnt_inst
 27. Port Connectivity Checks: "rgb_matrix_io_ctrl:i_rgb|counter:mux_color_cnt_inst"
 28. Port Connectivity Checks: "rgb_matrix_io_ctrl:i_rgb|counter:mux_row_cnt_inst"
 29. Port Connectivity Checks: "rgb_matrix_io_ctrl:i_rgb|counter:en_row_cnt_inst"
 30. Port Connectivity Checks: "cpu_top:cpu_top_i"
 31. Post-Synthesis Netlist Statistics for Top Partition
 32. Elapsed Time Per Partition
 33. Analysis & Synthesis Messages



----------------
; Legal Notice ;
----------------
Copyright (C) 2019  Intel Corporation. All rights reserved.
Your use of Intel Corporation's design tools, logic functions 
and other software and tools, and any partner logic 
functions, and any output files from any of the foregoing 
(including device programming or simulation files), and any 
associated documentation or information are expressly subject 
to the terms and conditions of the Intel Program License 
Subscription Agreement, the Intel Quartus Prime License Agreement,
the Intel FPGA IP License Agreement, or other applicable license
agreement, including, without limitation, that your use is for
the sole purpose of programming logic devices manufactured by
Intel and sold by Intel or its authorized distributors.  Please
refer to the applicable agreement for further details, at
https://fpgasoftware.intel.com/eula.



+----------------------------------------------------------------------------------+
; Analysis & Synthesis Summary                                                     ;
+------------------------------------+---------------------------------------------+
; Analysis & Synthesis Status        ; Successful - Tue Jan 17 16:44:37 2023       ;
; Quartus Prime Version              ; 19.1.0 Build 670 09/22/2019 SJ Lite Edition ;
; Revision Name                      ; LPRS1_CPU                                   ;
; Top-level Entity Name              ; top                                         ;
; Family                             ; MAX 10                                      ;
; Total logic elements               ; 9,300                                       ;
;     Total combinational functions  ; 5,308                                       ;
;     Dedicated logic registers      ; 4,713                                       ;
; Total registers                    ; 4713                                        ;
; Total pins                         ; 36                                          ;
; Total virtual pins                 ; 0                                           ;
; Total memory bits                  ; 0                                           ;
; Embedded Multiplier 9-bit elements ; 0                                           ;
; Total PLLs                         ; 0                                           ;
; UFM blocks                         ; 0                                           ;
; ADC blocks                         ; 0                                           ;
+------------------------------------+---------------------------------------------+


+------------------------------------------------------------------------------------------------------------+
; Analysis & Synthesis Settings                                                                              ;
+------------------------------------------------------------------+--------------------+--------------------+
; Option                                                           ; Setting            ; Default Value      ;
+------------------------------------------------------------------+--------------------+--------------------+
; Device                                                           ; 10M16SAU169C8G     ;                    ;
; Top-level entity name                                            ; top                ; LPRS1_CPU          ;
; Family name                                                      ; MAX 10             ; Cyclone V          ;
; Maximum processors allowed for parallel compilation              ; 4                  ;                    ;
; VHDL Show LMF Mapping Messages                                   ; Off                ;                    ;
; Use smart compilation                                            ; Off                ; Off                ;
; Enable parallel Assembler and Timing Analyzer during compilation ; On                 ; On                 ;
; Enable compact report table                                      ; Off                ; Off                ;
; Restructure Multiplexers                                         ; Auto               ; Auto               ;
; Create Debugging Nodes for IP Cores                              ; Off                ; Off                ;
; Preserve fewer node names                                        ; On                 ; On                 ;
; Intel FPGA IP Evaluation Mode                                    ; Enable             ; Enable             ;
; Verilog Version                                                  ; Verilog_2001       ; Verilog_2001       ;
; VHDL Version                                                     ; VHDL_1993          ; VHDL_1993          ;
; State Machine Processing                                         ; Auto               ; Auto               ;
; Safe State Machine                                               ; Off                ; Off                ;
; Extract Verilog State Machines                                   ; On                 ; On                 ;
; Extract VHDL State Machines                                      ; On                 ; On                 ;
; Ignore Verilog initial constructs                                ; Off                ; Off                ;
; Iteration limit for constant Verilog loops                       ; 5000               ; 5000               ;
; Iteration limit for non-constant Verilog loops                   ; 250                ; 250                ;
; Add Pass-Through Logic to Inferred RAMs                          ; On                 ; On                 ;
; Infer RAMs from Raw Logic                                        ; On                 ; On                 ;
; Parallel Synthesis                                               ; On                 ; On                 ;
; DSP Block Balancing                                              ; Auto               ; Auto               ;
; NOT Gate Push-Back                                               ; On                 ; On                 ;
; Power-Up Don't Care                                              ; On                 ; On                 ;
; Remove Redundant Logic Cells                                     ; Off                ; Off                ;
; Remove Duplicate Registers                                       ; On                 ; On                 ;
; Ignore CARRY Buffers                                             ; Off                ; Off                ;
; Ignore CASCADE Buffers                                           ; Off                ; Off                ;
; Ignore GLOBAL Buffers                                            ; Off                ; Off                ;
; Ignore ROW GLOBAL Buffers                                        ; Off                ; Off                ;
; Ignore LCELL Buffers                                             ; Off                ; Off                ;
; Ignore SOFT Buffers                                              ; On                 ; On                 ;
; Limit AHDL Integers to 32 Bits                                   ; Off                ; Off                ;
; Optimization Technique                                           ; Balanced           ; Balanced           ;
; Carry Chain Length                                               ; 70                 ; 70                 ;
; Auto Carry Chains                                                ; On                 ; On                 ;
; Auto Open-Drain Pins                                             ; On                 ; On                 ;
; Perform WYSIWYG Primitive Resynthesis                            ; Off                ; Off                ;
; Auto ROM Replacement                                             ; On                 ; On                 ;
; Auto RAM Replacement                                             ; On                 ; On                 ;
; Auto DSP Block Replacement                                       ; On                 ; On                 ;
; Auto Shift Register Replacement                                  ; Auto               ; Auto               ;
; Allow Shift Register Merging across Hierarchies                  ; Auto               ; Auto               ;
; Auto Clock Enable Replacement                                    ; On                 ; On                 ;
; Strict RAM Replacement                                           ; Off                ; Off                ;
; Allow Synchronous Control Signals                                ; On                 ; On                 ;
; Force Use of Synchronous Clear Signals                           ; Off                ; Off                ;
; Auto RAM Block Balancing                                         ; On                 ; On                 ;
; Auto RAM to Logic Cell Conversion                                ; Off                ; Off                ;
; Auto Resource Sharing                                            ; Off                ; Off                ;
; Allow Any RAM Size For Recognition                               ; Off                ; Off                ;
; Allow Any ROM Size For Recognition                               ; Off                ; Off                ;
; Allow Any Shift Register Size For Recognition                    ; Off                ; Off                ;
; Use LogicLock Constraints during Resource Balancing              ; On                 ; On                 ;
; Ignore translate_off and synthesis_off directives                ; Off                ; Off                ;
; Timing-Driven Synthesis                                          ; On                 ; On                 ;
; Report Parameter Settings                                        ; On                 ; On                 ;
; Report Source Assignments                                        ; On                 ; On                 ;
; Report Connectivity Checks                                       ; On                 ; On                 ;
; Ignore Maximum Fan-Out Assignments                               ; Off                ; Off                ;
; Synchronization Register Chain Length                            ; 2                  ; 2                  ;
; Power Optimization During Synthesis                              ; Normal compilation ; Normal compilation ;
; HDL message level                                                ; Level2             ; Level2             ;
; Suppress Register Optimization Related Messages                  ; Off                ; Off                ;
; Number of Removed Registers Reported in Synthesis Report         ; 5000               ; 5000               ;
; Number of Swept Nodes Reported in Synthesis Report               ; 5000               ; 5000               ;
; Number of Inverted Registers Reported in Synthesis Report        ; 100                ; 100                ;
; Clock MUX Protection                                             ; On                 ; On                 ;
; Auto Gated Clock Conversion                                      ; Off                ; Off                ;
; Block Design Naming                                              ; Auto               ; Auto               ;
; SDC constraint protection                                        ; Off                ; Off                ;
; Synthesis Effort                                                 ; Auto               ; Auto               ;
; Shift Register Replacement - Allow Asynchronous Clear Signal     ; On                 ; On                 ;
; Pre-Mapping Resynthesis Optimization                             ; Off                ; Off                ;
; Analysis & Synthesis Message Level                               ; Medium             ; Medium             ;
; Disable Register Merging Across Hierarchies                      ; Auto               ; Auto               ;
; Resource Aware Inference For Block RAM                           ; On                 ; On                 ;
+------------------------------------------------------------------+--------------------+--------------------+


+------------------------------------------+
; Parallel Compilation                     ;
+----------------------------+-------------+
; Processors                 ; Number      ;
+----------------------------+-------------+
; Number detected on machine ; 4           ;
; Maximum allowed            ; 4           ;
;                            ;             ;
; Average used               ; 1.00        ;
; Maximum used               ; 4           ;
;                            ;             ;
; Usage by Processor         ; % Time Used ;
;     Processor 1            ; 100.0%      ;
;     Processor 2            ;   0.0%      ;
;     Processor 3            ;   0.0%      ;
;     Processor 4            ;   0.0%      ;
+----------------------------+-------------+


+-------------------------------------------------------------------------------------------------------------------------------------------------------------------------------+
; Analysis & Synthesis Source Files Read                                                                                                                                        ;
+--------------------------------------+-----------------+-----------------+------------------------------------------------------------------------------------------+---------+
; File Name with User-Entered Path     ; Used in Netlist ; File Type       ; File Name with Absolute Path                                                             ; Library ;
+--------------------------------------+-----------------+-----------------+------------------------------------------------------------------------------------------+---------+
; src/hdl/top.vhd                      ; yes             ; User VHDL File  ; C:/Users/Student/Desktop/ds/LPRS1_CPU_RGB_Matrix_PB/src/hdl/top.vhd                      ;         ;
; src/hdl/rgb_matrix_io_ctrl.vhd       ; yes             ; User VHDL File  ; C:/Users/Student/Desktop/ds/LPRS1_CPU_RGB_Matrix_PB/src/hdl/rgb_matrix_io_ctrl.vhd       ;         ;
; src/hdl/push_buttons_dec_io_ctrl.vhd ; yes             ; User VHDL File  ; C:/Users/Student/Desktop/ds/LPRS1_CPU_RGB_Matrix_PB/src/hdl/push_buttons_dec_io_ctrl.vhd ;         ;
; src/hdl/counter.vhd                  ; yes             ; User VHDL File  ; C:/Users/Student/Desktop/ds/LPRS1_CPU_RGB_Matrix_PB/src/hdl/counter.vhd                  ;         ;
; src/hdl/register.vhd                 ; yes             ; User VHDL File  ; C:/Users/Student/Desktop/ds/LPRS1_CPU_RGB_Matrix_PB/src/hdl/register.vhd                 ;         ;
; src/hdl/mux.vhd                      ; yes             ; User VHDL File  ; C:/Users/Student/Desktop/ds/LPRS1_CPU_RGB_Matrix_PB/src/hdl/mux.vhd                      ;         ;
; src/hdl/instr_rom.vhd                ; yes             ; User VHDL File  ; C:/Users/Student/Desktop/ds/LPRS1_CPU_RGB_Matrix_PB/src/hdl/instr_rom.vhd                ;         ;
; src/hdl/data_ram.vhd                 ; yes             ; User VHDL File  ; C:/Users/Student/Desktop/ds/LPRS1_CPU_RGB_Matrix_PB/src/hdl/data_ram.vhd                 ;         ;
; src/hdl/cpu_top.vhd                  ; yes             ; User VHDL File  ; C:/Users/Student/Desktop/ds/LPRS1_CPU_RGB_Matrix_PB/src/hdl/cpu_top.vhd                  ;         ;
; src/hdl/control_unit.vhd             ; yes             ; User VHDL File  ; C:/Users/Student/Desktop/ds/LPRS1_CPU_RGB_Matrix_PB/src/hdl/control_unit.vhd             ;         ;
; src/hdl/cnt.vhd                      ; yes             ; User VHDL File  ; C:/Users/Student/Desktop/ds/LPRS1_CPU_RGB_Matrix_PB/src/hdl/cnt.vhd                      ;         ;
; src/hdl/alu.vhd                      ; yes             ; User VHDL File  ; C:/Users/Student/Desktop/ds/LPRS1_CPU_RGB_Matrix_PB/src/hdl/alu.vhd                      ;         ;
+--------------------------------------+-----------------+-----------------+------------------------------------------------------------------------------------------+---------+


+----------------------------------------------------------+
; Analysis & Synthesis Resource Usage Summary              ;
+---------------------------------------------+------------+
; Resource                                    ; Usage      ;
+---------------------------------------------+------------+
; Estimated Total logic elements              ; 9,300      ;
;                                             ;            ;
; Total combinational functions               ; 5308       ;
; Logic element usage by number of LUT inputs ;            ;
;     -- 4 input functions                    ; 4005       ;
;     -- 3 input functions                    ; 520        ;
;     -- <=2 input functions                  ; 783        ;
;                                             ;            ;
; Logic elements by mode                      ;            ;
;     -- normal mode                          ; 5217       ;
;     -- arithmetic mode                      ; 91         ;
;                                             ;            ;
; Total registers                             ; 4713       ;
;     -- Dedicated logic registers            ; 4713       ;
;     -- I/O registers                        ; 0          ;
;                                             ;            ;
; I/O pins                                    ; 36         ;
;                                             ;            ;
; Embedded Multiplier 9-bit elements          ; 0          ;
;                                             ;            ;
; Maximum fan-out node                        ; iCLK~input ;
; Maximum fan-out                             ; 4713       ;
; Total fan-out                               ; 37406      ;
; Average fan-out                             ; 3.71       ;
+---------------------------------------------+------------+


+-----------------------------------------------------------------------------------------------------------------------------------------------------------------------------------------------------------------------------------------------------------------------------------------------+
; Analysis & Synthesis Resource Utilization by Entity                                                                                                                                                                                                                                           ;
+-------------------------------------+---------------------+---------------------------+-------------+------------+--------------+---------+-----------+------+--------------+------------+----------------------------------------------------------+--------------------------+--------------+
; Compilation Hierarchy Node          ; Combinational ALUTs ; Dedicated Logic Registers ; Memory Bits ; UFM Blocks ; DSP Elements ; DSP 9x9 ; DSP 18x18 ; Pins ; Virtual Pins ; ADC blocks ; Full Hierarchy Name                                      ; Entity Name              ; Library Name ;
+-------------------------------------+---------------------+---------------------------+-------------+------------+--------------+---------+-----------+------+--------------+------------+----------------------------------------------------------+--------------------------+--------------+
; |top                                ; 5308 (5)            ; 4713 (0)                  ; 0           ; 0          ; 0            ; 0       ; 0         ; 36   ; 0            ; 0          ; |top                                                     ; top                      ; work         ;
;    |cpu_top:cpu_top_i|              ; 2679 (0)            ; 147 (3)                   ; 0           ; 0          ; 0            ; 0       ; 0         ; 0    ; 0            ; 0          ; |top|cpu_top:cpu_top_i                                   ; cpu_top                  ; work         ;
;       |alu:alu_i|                   ; 208 (208)           ; 0 (0)                     ; 0           ; 0          ; 0            ; 0       ; 0         ; 0    ; 0            ; 0          ; |top|cpu_top:cpu_top_i|alu:alu_i                         ; alu                      ; work         ;
;       |cnt:pc_i|                    ; 16 (16)             ; 16 (16)                   ; 0           ; 0          ; 0            ; 0       ; 0         ; 0    ; 0            ; 0          ; |top|cpu_top:cpu_top_i|cnt:pc_i                          ; cnt                      ; work         ;
;       |control_unit:cu_i|           ; 13 (13)             ; 0 (0)                     ; 0           ; 0          ; 0            ; 0       ; 0         ; 0    ; 0            ; 0          ; |top|cpu_top:cpu_top_i|control_unit:cu_i                 ; control_unit             ; work         ;
;       |mux:muxa_i|                  ; 2362 (2362)         ; 0 (0)                     ; 0           ; 0          ; 0            ; 0       ; 0         ; 0    ; 0            ; 0          ; |top|cpu_top:cpu_top_i|mux:muxa_i                        ; mux                      ; work         ;
;       |mux:muxb_i|                  ; 80 (80)             ; 0 (0)                     ; 0           ; 0          ; 0            ; 0       ; 0         ; 0    ; 0            ; 0          ; |top|cpu_top:cpu_top_i|mux:muxb_i                        ; mux                      ; work         ;
;       |reg:r0_i|                    ; 0 (0)               ; 16 (16)                   ; 0           ; 0          ; 0            ; 0       ; 0         ; 0    ; 0            ; 0          ; |top|cpu_top:cpu_top_i|reg:r0_i                          ; reg                      ; work         ;
;       |reg:r1_i|                    ; 0 (0)               ; 16 (16)                   ; 0           ; 0          ; 0            ; 0       ; 0         ; 0    ; 0            ; 0          ; |top|cpu_top:cpu_top_i|reg:r1_i                          ; reg                      ; work         ;
;       |reg:r2_i|                    ; 0 (0)               ; 16 (16)                   ; 0           ; 0          ; 0            ; 0       ; 0         ; 0    ; 0            ; 0          ; |top|cpu_top:cpu_top_i|reg:r2_i                          ; reg                      ; work         ;
;       |reg:r3_i|                    ; 0 (0)               ; 16 (16)                   ; 0           ; 0          ; 0            ; 0       ; 0         ; 0    ; 0            ; 0          ; |top|cpu_top:cpu_top_i|reg:r3_i                          ; reg                      ; work         ;
;       |reg:r4_i|                    ; 0 (0)               ; 16 (16)                   ; 0           ; 0          ; 0            ; 0       ; 0         ; 0    ; 0            ; 0          ; |top|cpu_top:cpu_top_i|reg:r4_i                          ; reg                      ; work         ;
;       |reg:r5_i|                    ; 0 (0)               ; 16 (16)                   ; 0           ; 0          ; 0            ; 0       ; 0         ; 0    ; 0            ; 0          ; |top|cpu_top:cpu_top_i|reg:r5_i                          ; reg                      ; work         ;
;       |reg:r6_i|                    ; 0 (0)               ; 16 (16)                   ; 0           ; 0          ; 0            ; 0       ; 0         ; 0    ; 0            ; 0          ; |top|cpu_top:cpu_top_i|reg:r6_i                          ; reg                      ; work         ;
;       |reg:r7_i|                    ; 0 (0)               ; 16 (16)                   ; 0           ; 0          ; 0            ; 0       ; 0         ; 0    ; 0            ; 0          ; |top|cpu_top:cpu_top_i|reg:r7_i                          ; reg                      ; work         ;
;    |data_ram:i_data_ram|            ; 1439 (1439)         ; 4096 (4096)               ; 0           ; 0          ; 0            ; 0       ; 0         ; 0    ; 0            ; 0          ; |top|data_ram:i_data_ram                                 ; data_ram                 ; work         ;
;    |instr_rom:i_instr_rom|          ; 782 (782)           ; 0 (0)                     ; 0           ; 0          ; 0            ; 0       ; 0         ; 0    ; 0            ; 0          ; |top|instr_rom:i_instr_rom                               ; instr_rom                ; work         ;
;    |push_buttons_dec_io_ctrl:i_pbd| ; 28 (28)             ; 55 (55)                   ; 0           ; 0          ; 0            ; 0       ; 0         ; 0    ; 0            ; 0          ; |top|push_buttons_dec_io_ctrl:i_pbd                      ; push_buttons_dec_io_ctrl ; work         ;
;    |rgb_matrix_io_ctrl:i_rgb|       ; 375 (347)           ; 415 (397)                 ; 0           ; 0          ; 0            ; 0       ; 0         ; 0    ; 0            ; 0          ; |top|rgb_matrix_io_ctrl:i_rgb                            ; rgb_matrix_io_ctrl       ; work         ;
;       |counter:en_row_cnt_inst|     ; 22 (22)             ; 13 (13)                   ; 0           ; 0          ; 0            ; 0       ; 0         ; 0    ; 0            ; 0          ; |top|rgb_matrix_io_ctrl:i_rgb|counter:en_row_cnt_inst    ; counter                  ; work         ;
;       |counter:mux_color_cnt_inst|  ; 2 (2)               ; 2 (2)                     ; 0           ; 0          ; 0            ; 0       ; 0         ; 0    ; 0            ; 0          ; |top|rgb_matrix_io_ctrl:i_rgb|counter:mux_color_cnt_inst ; counter                  ; work         ;
;       |counter:mux_row_cnt_inst|    ; 4 (4)               ; 3 (3)                     ; 0           ; 0          ; 0            ; 0       ; 0         ; 0    ; 0            ; 0          ; |top|rgb_matrix_io_ctrl:i_rgb|counter:mux_row_cnt_inst   ; counter                  ; work         ;
+-------------------------------------+---------------------+---------------------------+-------------+------------+--------------+---------+-----------+------+--------------+------------+----------------------------------------------------------+--------------------------+--------------+
Note: For table entries with two numbers listed, the numbers in parentheses indicate the number of resources of the given type used by the specific entity alone. The numbers listed outside of parentheses indicate the total resources of the given type used by the specific entity and all of its sub-entities in the hierarchy.


Encoding Type:  One-Hot
+-------------------------------------------------------------------------------------------------------------------------+
; State Machine - |top|push_buttons_dec_io_ctrl:i_pbd|sDIR_PREV                                                           ;
+------------------+----------------+------------------+-----------------+----------------+--------------+----------------+
; Name             ; sDIR_PREV.DOWN ; sDIR_PREV.CENTER ; sDIR_PREV.RIGHT ; sDIR_PREV.LEFT ; sDIR_PREV.UP ; sDIR_PREV.NONE ;
+------------------+----------------+------------------+-----------------+----------------+--------------+----------------+
; sDIR_PREV.NONE   ; 0              ; 0                ; 0               ; 0              ; 0            ; 0              ;
; sDIR_PREV.UP     ; 0              ; 0                ; 0               ; 0              ; 1            ; 1              ;
; sDIR_PREV.LEFT   ; 0              ; 0                ; 0               ; 1              ; 0            ; 1              ;
; sDIR_PREV.RIGHT  ; 0              ; 0                ; 1               ; 0              ; 0            ; 1              ;
; sDIR_PREV.CENTER ; 0              ; 1                ; 0               ; 0              ; 0            ; 1              ;
; sDIR_PREV.DOWN   ; 1              ; 0                ; 0               ; 0              ; 0            ; 1              ;
+------------------+----------------+------------------+-----------------+----------------+--------------+----------------+


Encoding Type:  One-Hot
+--------------------------------------------------------------------------------------+
; State Machine - |top|push_buttons_dec_io_ctrl:i_pbd|sDIR                             ;
+-------------+-----------+-------------+------------+-----------+---------+-----------+
; Name        ; sDIR.DOWN ; sDIR.CENTER ; sDIR.RIGHT ; sDIR.LEFT ; sDIR.UP ; sDIR.NONE ;
+-------------+-----------+-------------+------------+-----------+---------+-----------+
; sDIR.NONE   ; 0         ; 0           ; 0          ; 0         ; 0       ; 0         ;
; sDIR.UP     ; 0         ; 0           ; 0          ; 0         ; 1       ; 1         ;
; sDIR.LEFT   ; 0         ; 0           ; 0          ; 1         ; 0       ; 1         ;
; sDIR.RIGHT  ; 0         ; 0           ; 1          ; 0         ; 0       ; 1         ;
; sDIR.CENTER ; 0         ; 1           ; 0          ; 0         ; 0       ; 1         ;
; sDIR.DOWN   ; 1         ; 0           ; 0          ; 0         ; 0       ; 1         ;
+-------------+-----------+-------------+------------+-----------+---------+-----------+


+----------------------------------------------------------------------+
; Registers Removed During Synthesis                                   ;
+-------------------------------------------------+--------------------+
; Register name                                   ; Reason for Removal ;
+-------------------------------------------------+--------------------+
; push_buttons_dec_io_ctrl:i_pbd|sDIR_PREV.UP     ; Lost fanout        ;
; push_buttons_dec_io_ctrl:i_pbd|sDIR_PREV.LEFT   ; Lost fanout        ;
; push_buttons_dec_io_ctrl:i_pbd|sDIR_PREV.RIGHT  ; Lost fanout        ;
; push_buttons_dec_io_ctrl:i_pbd|sDIR_PREV.CENTER ; Lost fanout        ;
; push_buttons_dec_io_ctrl:i_pbd|sDIR_PREV.DOWN   ; Lost fanout        ;
; Total Number of Removed Registers = 5           ;                    ;
+-------------------------------------------------+--------------------+


+------------------------------------------------------+
; General Register Statistics                          ;
+----------------------------------------------+-------+
; Statistic                                    ; Value ;
+----------------------------------------------+-------+
; Total registers                              ; 4713  ;
; Number of registers using Synchronous Clear  ; 32    ;
; Number of registers using Synchronous Load   ; 32    ;
; Number of registers using Asynchronous Clear ; 4664  ;
; Number of registers using Asynchronous Load  ; 0     ;
; Number of registers using Clock Enable       ; 4670  ;
; Number of registers using Preset             ; 0     ;
+----------------------------------------------+-------+


+-----------------------------------------------------+
; Inverted Register Statistics                        ;
+-------------------------------------------+---------+
; Inverted Register                         ; Fan out ;
+-------------------------------------------+---------+
; data_ram:i_data_ram|rMEM[161][0]          ; 1       ;
; data_ram:i_data_ram|rMEM[165][0]          ; 1       ;
; data_ram:i_data_ram|rMEM[192][0]          ; 1       ;
; data_ram:i_data_ram|rMEM[132][0]          ; 1       ;
; data_ram:i_data_ram|rMEM[128][0]          ; 1       ;
; data_ram:i_data_ram|rMEM[182][0]          ; 1       ;
; data_ram:i_data_ram|rMEM[178][0]          ; 1       ;
; data_ram:i_data_ram|rMEM[151][0]          ; 1       ;
; data_ram:i_data_ram|rMEM[147][0]          ; 1       ;
; data_ram:i_data_ram|rMEM[146][0]          ; 1       ;
; data_ram:i_data_ram|rMEM[163][0]          ; 1       ;
; data_ram:i_data_ram|rMEM[167][0]          ; 1       ;
; data_ram:i_data_ram|rMEM[134][0]          ; 1       ;
; data_ram:i_data_ram|rMEM[130][0]          ; 1       ;
; data_ram:i_data_ram|rMEM[180][0]          ; 1       ;
; data_ram:i_data_ram|rMEM[149][0]          ; 1       ;
; data_ram:i_data_ram|rMEM[148][0]          ; 1       ;
; data_ram:i_data_ram|rMEM[176][0]          ; 1       ;
; data_ram:i_data_ram|rMEM[145][0]          ; 1       ;
; data_ram:i_data_ram|rMEM[144][0]          ; 1       ;
; data_ram:i_data_ram|rMEM[41][0]           ; 1       ;
; data_ram:i_data_ram|rMEM[40][0]           ; 1       ;
; data_ram:i_data_ram|rMEM[43][0]           ; 1       ;
; data_ram:i_data_ram|rMEM[106][0]          ; 1       ;
; data_ram:i_data_ram|rMEM[42][0]           ; 1       ;
; data_ram:i_data_ram|rMEM[57][0]           ; 1       ;
; data_ram:i_data_ram|rMEM[120][0]          ; 1       ;
; data_ram:i_data_ram|rMEM[94][0]           ; 1       ;
; data_ram:i_data_ram|rMEM[13][0]           ; 1       ;
; data_ram:i_data_ram|rMEM[77][0]           ; 1       ;
; data_ram:i_data_ram|rMEM[78][0]           ; 1       ;
; data_ram:i_data_ram|rMEM[14][0]           ; 1       ;
; data_ram:i_data_ram|rMEM[76][0]           ; 1       ;
; data_ram:i_data_ram|rMEM[95][0]           ; 1       ;
; data_ram:i_data_ram|rMEM[29][0]           ; 1       ;
; data_ram:i_data_ram|rMEM[31][0]           ; 1       ;
; data_ram:i_data_ram|rMEM[93][0]           ; 1       ;
; data_ram:i_data_ram|rMEM[9][0]            ; 1       ;
; data_ram:i_data_ram|rMEM[75][0]           ; 1       ;
; data_ram:i_data_ram|rMEM[73][0]           ; 1       ;
; data_ram:i_data_ram|rMEM[25][0]           ; 1       ;
; data_ram:i_data_ram|rMEM[91][0]           ; 1       ;
; data_ram:i_data_ram|rMEM[27][0]           ; 1       ;
; data_ram:i_data_ram|rMEM[89][0]           ; 1       ;
; data_ram:i_data_ram|rMEM[126][0]          ; 1       ;
; data_ram:i_data_ram|rMEM[62][0]           ; 1       ;
; data_ram:i_data_ram|rMEM[45][0]           ; 1       ;
; data_ram:i_data_ram|rMEM[108][0]          ; 1       ;
; data_ram:i_data_ram|rMEM[44][0]           ; 1       ;
; data_ram:i_data_ram|rMEM[109][0]          ; 1       ;
; data_ram:i_data_ram|rMEM[47][0]           ; 1       ;
; data_ram:i_data_ram|rMEM[110][0]          ; 1       ;
; data_ram:i_data_ram|rMEM[46][0]           ; 1       ;
; data_ram:i_data_ram|rMEM[111][0]          ; 1       ;
; data_ram:i_data_ram|rMEM[124][0]          ; 1       ;
; data_ram:i_data_ram|rMEM[51][0]           ; 1       ;
; data_ram:i_data_ram|rMEM[35][0]           ; 1       ;
; data_ram:i_data_ram|rMEM[115][0]          ; 1       ;
; data_ram:i_data_ram|rMEM[71][0]           ; 1       ;
; data_ram:i_data_ram|rMEM[23][0]           ; 1       ;
; data_ram:i_data_ram|rMEM[7][0]            ; 1       ;
; data_ram:i_data_ram|rMEM[87][0]           ; 1       ;
; data_ram:i_data_ram|rMEM[67][0]           ; 1       ;
; data_ram:i_data_ram|rMEM[19][0]           ; 1       ;
; data_ram:i_data_ram|rMEM[83][0]           ; 1       ;
; data_ram:i_data_ram|rMEM[55][0]           ; 1       ;
; data_ram:i_data_ram|rMEM[39][0]           ; 1       ;
; data_ram:i_data_ram|rMEM[96][0]           ; 1       ;
; data_ram:i_data_ram|rMEM[64][0]           ; 1       ;
; data_ram:i_data_ram|rMEM[80][0]           ; 1       ;
; data_ram:i_data_ram|rMEM[100][0]          ; 1       ;
; data_ram:i_data_ram|rMEM[52][0]           ; 1       ;
; data_ram:i_data_ram|rMEM[116][0]          ; 1       ;
; data_ram:i_data_ram|rMEM[70][0]           ; 1       ;
; data_ram:i_data_ram|rMEM[6][0]            ; 1       ;
; data_ram:i_data_ram|rMEM[98][0]           ; 1       ;
; data_ram:i_data_ram|rMEM[2][0]            ; 1       ;
; data_ram:i_data_ram|rMEM[82][0]           ; 1       ;
; data_ram:i_data_ram|rMEM[102][0]          ; 1       ;
; data_ram:i_data_ram|rMEM[38][0]           ; 1       ;
; data_ram:i_data_ram|rMEM[118][0]          ; 1       ;
; data_ram:i_data_ram|rMEM[49][0]           ; 1       ;
; data_ram:i_data_ram|rMEM[17][0]           ; 1       ;
; data_ram:i_data_ram|rMEM[113][0]          ; 1       ;
; data_ram:i_data_ram|rMEM[69][0]           ; 1       ;
; data_ram:i_data_ram|rMEM[37][0]           ; 1       ;
; data_ram:i_data_ram|rMEM[65][0]           ; 1       ;
; data_ram:i_data_ram|rMEM[33][0]           ; 1       ;
; data_ram:i_data_ram|rMEM[97][0]           ; 1       ;
; data_ram:i_data_ram|rMEM[85][0]           ; 1       ;
; data_ram:i_data_ram|rMEM[53][0]           ; 1       ;
; data_ram:i_data_ram|rMEM[21][0]           ; 1       ;
; data_ram:i_data_ram|rMEM[187][0]          ; 1       ;
; data_ram:i_data_ram|rMEM[169][0]          ; 1       ;
; data_ram:i_data_ram|rMEM[171][0]          ; 1       ;
; data_ram:i_data_ram|rMEM[185][0]          ; 1       ;
; data_ram:i_data_ram|rMEM[155][0]          ; 1       ;
; data_ram:i_data_ram|rMEM[137][0]          ; 1       ;
; data_ram:i_data_ram|rMEM[139][0]          ; 1       ;
; data_ram:i_data_ram|rMEM[153][0]          ; 1       ;
; Total number of inverted registers = 657* ;         ;
+-------------------------------------------+---------+
* Table truncated at 100 items. To change the number of inverted registers reported, set the "Number of Inverted Registers Reported" option under Assignments->Settings->Analysis and Synthesis Settings->More Settings


+--------------------------------------------------------------------------------------------------------------------------------------------------------------------+
; Multiplexer Restructuring Statistics (Restructuring Performed)                                                                                                     ;
+--------------------+-----------+---------------+----------------------+------------------------+------------+------------------------------------------------------+
; Multiplexer Inputs ; Bus Width ; Baseline Area ; Area if Restructured ; Saving if Restructured ; Registered ; Example Multiplexer Output                           ;
+--------------------+-----------+---------------+----------------------+------------------------+------------+------------------------------------------------------+
; 3:1                ; 3 bits    ; 6 LEs         ; 3 LEs                ; 3 LEs                  ; Yes        ; |top|rgb_matrix_io_ctrl:i_rgb|sBUS_MATRIX[0][0][0]   ;
; 3:1                ; 3 bits    ; 6 LEs         ; 3 LEs                ; 3 LEs                  ; Yes        ; |top|rgb_matrix_io_ctrl:i_rgb|sBUS_MATRIX[0][1][0]   ;
; 3:1                ; 3 bits    ; 6 LEs         ; 3 LEs                ; 3 LEs                  ; Yes        ; |top|rgb_matrix_io_ctrl:i_rgb|sBUS_MATRIX[0][2][1]   ;
; 3:1                ; 3 bits    ; 6 LEs         ; 3 LEs                ; 3 LEs                  ; Yes        ; |top|rgb_matrix_io_ctrl:i_rgb|sBUS_MATRIX[0][3][1]   ;
; 3:1                ; 3 bits    ; 6 LEs         ; 3 LEs                ; 3 LEs                  ; Yes        ; |top|rgb_matrix_io_ctrl:i_rgb|sBUS_MATRIX[0][4][1]   ;
; 3:1                ; 3 bits    ; 6 LEs         ; 3 LEs                ; 3 LEs                  ; Yes        ; |top|rgb_matrix_io_ctrl:i_rgb|sBUS_MATRIX[0][5][1]   ;
; 3:1                ; 3 bits    ; 6 LEs         ; 3 LEs                ; 3 LEs                  ; Yes        ; |top|rgb_matrix_io_ctrl:i_rgb|sBUS_MATRIX[0][6][1]   ;
; 3:1                ; 3 bits    ; 6 LEs         ; 3 LEs                ; 3 LEs                  ; Yes        ; |top|rgb_matrix_io_ctrl:i_rgb|sBUS_MATRIX[0][7][1]   ;
; 3:1                ; 3 bits    ; 6 LEs         ; 3 LEs                ; 3 LEs                  ; Yes        ; |top|rgb_matrix_io_ctrl:i_rgb|sBUS_MATRIX[1][0][1]   ;
; 3:1                ; 3 bits    ; 6 LEs         ; 3 LEs                ; 3 LEs                  ; Yes        ; |top|rgb_matrix_io_ctrl:i_rgb|sBUS_MATRIX[1][1][1]   ;
; 3:1                ; 3 bits    ; 6 LEs         ; 3 LEs                ; 3 LEs                  ; Yes        ; |top|rgb_matrix_io_ctrl:i_rgb|sBUS_MATRIX[1][2][2]   ;
; 3:1                ; 3 bits    ; 6 LEs         ; 3 LEs                ; 3 LEs                  ; Yes        ; |top|rgb_matrix_io_ctrl:i_rgb|sBUS_MATRIX[1][3][1]   ;
; 3:1                ; 3 bits    ; 6 LEs         ; 3 LEs                ; 3 LEs                  ; Yes        ; |top|rgb_matrix_io_ctrl:i_rgb|sBUS_MATRIX[1][4][1]   ;
; 3:1                ; 3 bits    ; 6 LEs         ; 3 LEs                ; 3 LEs                  ; Yes        ; |top|rgb_matrix_io_ctrl:i_rgb|sBUS_MATRIX[1][5][1]   ;
; 3:1                ; 3 bits    ; 6 LEs         ; 3 LEs                ; 3 LEs                  ; Yes        ; |top|rgb_matrix_io_ctrl:i_rgb|sBUS_MATRIX[1][6][0]   ;
; 3:1                ; 3 bits    ; 6 LEs         ; 3 LEs                ; 3 LEs                  ; Yes        ; |top|rgb_matrix_io_ctrl:i_rgb|sBUS_MATRIX[1][7][0]   ;
; 3:1                ; 3 bits    ; 6 LEs         ; 3 LEs                ; 3 LEs                  ; Yes        ; |top|rgb_matrix_io_ctrl:i_rgb|sBUS_MATRIX[2][0][1]   ;
; 3:1                ; 3 bits    ; 6 LEs         ; 3 LEs                ; 3 LEs                  ; Yes        ; |top|rgb_matrix_io_ctrl:i_rgb|sBUS_MATRIX[2][1][1]   ;
; 3:1                ; 3 bits    ; 6 LEs         ; 3 LEs                ; 3 LEs                  ; Yes        ; |top|rgb_matrix_io_ctrl:i_rgb|sBUS_MATRIX[2][2][1]   ;
; 3:1                ; 3 bits    ; 6 LEs         ; 3 LEs                ; 3 LEs                  ; Yes        ; |top|rgb_matrix_io_ctrl:i_rgb|sBUS_MATRIX[2][3][0]   ;
; 3:1                ; 3 bits    ; 6 LEs         ; 3 LEs                ; 3 LEs                  ; Yes        ; |top|rgb_matrix_io_ctrl:i_rgb|sBUS_MATRIX[2][4][2]   ;
; 3:1                ; 3 bits    ; 6 LEs         ; 3 LEs                ; 3 LEs                  ; Yes        ; |top|rgb_matrix_io_ctrl:i_rgb|sBUS_MATRIX[2][5][2]   ;
; 3:1                ; 3 bits    ; 6 LEs         ; 3 LEs                ; 3 LEs                  ; Yes        ; |top|rgb_matrix_io_ctrl:i_rgb|sBUS_MATRIX[2][6][2]   ;
; 3:1                ; 3 bits    ; 6 LEs         ; 3 LEs                ; 3 LEs                  ; Yes        ; |top|rgb_matrix_io_ctrl:i_rgb|sBUS_MATRIX[2][7][2]   ;
; 3:1                ; 3 bits    ; 6 LEs         ; 3 LEs                ; 3 LEs                  ; Yes        ; |top|rgb_matrix_io_ctrl:i_rgb|sBUS_MATRIX[3][0][2]   ;
; 3:1                ; 3 bits    ; 6 LEs         ; 3 LEs                ; 3 LEs                  ; Yes        ; |top|rgb_matrix_io_ctrl:i_rgb|sBUS_MATRIX[3][1][2]   ;
; 3:1                ; 3 bits    ; 6 LEs         ; 3 LEs                ; 3 LEs                  ; Yes        ; |top|rgb_matrix_io_ctrl:i_rgb|sBUS_MATRIX[3][2][0]   ;
; 3:1                ; 3 bits    ; 6 LEs         ; 3 LEs                ; 3 LEs                  ; Yes        ; |top|rgb_matrix_io_ctrl:i_rgb|sBUS_MATRIX[3][3][1]   ;
; 3:1                ; 3 bits    ; 6 LEs         ; 3 LEs                ; 3 LEs                  ; Yes        ; |top|rgb_matrix_io_ctrl:i_rgb|sBUS_MATRIX[3][4][1]   ;
; 3:1                ; 3 bits    ; 6 LEs         ; 3 LEs                ; 3 LEs                  ; Yes        ; |top|rgb_matrix_io_ctrl:i_rgb|sBUS_MATRIX[3][5][0]   ;
; 3:1                ; 3 bits    ; 6 LEs         ; 3 LEs                ; 3 LEs                  ; Yes        ; |top|rgb_matrix_io_ctrl:i_rgb|sBUS_MATRIX[3][6][0]   ;
; 3:1                ; 3 bits    ; 6 LEs         ; 3 LEs                ; 3 LEs                  ; Yes        ; |top|rgb_matrix_io_ctrl:i_rgb|sBUS_MATRIX[3][7][1]   ;
; 3:1                ; 3 bits    ; 6 LEs         ; 3 LEs                ; 3 LEs                  ; Yes        ; |top|rgb_matrix_io_ctrl:i_rgb|sBUS_MATRIX[4][0][1]   ;
; 3:1                ; 3 bits    ; 6 LEs         ; 3 LEs                ; 3 LEs                  ; Yes        ; |top|rgb_matrix_io_ctrl:i_rgb|sBUS_MATRIX[4][1][1]   ;
; 3:1                ; 3 bits    ; 6 LEs         ; 3 LEs                ; 3 LEs                  ; Yes        ; |top|rgb_matrix_io_ctrl:i_rgb|sBUS_MATRIX[4][2][0]   ;
; 3:1                ; 3 bits    ; 6 LEs         ; 3 LEs                ; 3 LEs                  ; Yes        ; |top|rgb_matrix_io_ctrl:i_rgb|sBUS_MATRIX[4][3][0]   ;
; 3:1                ; 3 bits    ; 6 LEs         ; 3 LEs                ; 3 LEs                  ; Yes        ; |top|rgb_matrix_io_ctrl:i_rgb|sBUS_MATRIX[4][4][0]   ;
; 3:1                ; 3 bits    ; 6 LEs         ; 3 LEs                ; 3 LEs                  ; Yes        ; |top|rgb_matrix_io_ctrl:i_rgb|sBUS_MATRIX[4][5][1]   ;
; 3:1                ; 3 bits    ; 6 LEs         ; 3 LEs                ; 3 LEs                  ; Yes        ; |top|rgb_matrix_io_ctrl:i_rgb|sBUS_MATRIX[4][6][0]   ;
; 3:1                ; 3 bits    ; 6 LEs         ; 3 LEs                ; 3 LEs                  ; Yes        ; |top|rgb_matrix_io_ctrl:i_rgb|sBUS_MATRIX[4][7][0]   ;
; 3:1                ; 3 bits    ; 6 LEs         ; 3 LEs                ; 3 LEs                  ; Yes        ; |top|rgb_matrix_io_ctrl:i_rgb|sBUS_MATRIX[5][0][0]   ;
; 3:1                ; 3 bits    ; 6 LEs         ; 3 LEs                ; 3 LEs                  ; Yes        ; |top|rgb_matrix_io_ctrl:i_rgb|sBUS_MATRIX[5][1][0]   ;
; 3:1                ; 3 bits    ; 6 LEs         ; 3 LEs                ; 3 LEs                  ; Yes        ; |top|rgb_matrix_io_ctrl:i_rgb|sBUS_MATRIX[5][2][0]   ;
; 3:1                ; 3 bits    ; 6 LEs         ; 3 LEs                ; 3 LEs                  ; Yes        ; |top|rgb_matrix_io_ctrl:i_rgb|sBUS_MATRIX[5][3][1]   ;
; 3:1                ; 3 bits    ; 6 LEs         ; 3 LEs                ; 3 LEs                  ; Yes        ; |top|rgb_matrix_io_ctrl:i_rgb|sBUS_MATRIX[5][4][2]   ;
; 3:1                ; 3 bits    ; 6 LEs         ; 3 LEs                ; 3 LEs                  ; Yes        ; |top|rgb_matrix_io_ctrl:i_rgb|sBUS_MATRIX[5][5][1]   ;
; 3:1                ; 3 bits    ; 6 LEs         ; 3 LEs                ; 3 LEs                  ; Yes        ; |top|rgb_matrix_io_ctrl:i_rgb|sBUS_MATRIX[5][6][1]   ;
; 3:1                ; 3 bits    ; 6 LEs         ; 3 LEs                ; 3 LEs                  ; Yes        ; |top|rgb_matrix_io_ctrl:i_rgb|sBUS_MATRIX[5][7][1]   ;
; 3:1                ; 3 bits    ; 6 LEs         ; 3 LEs                ; 3 LEs                  ; Yes        ; |top|rgb_matrix_io_ctrl:i_rgb|sBUS_MATRIX[6][0][2]   ;
; 3:1                ; 3 bits    ; 6 LEs         ; 3 LEs                ; 3 LEs                  ; Yes        ; |top|rgb_matrix_io_ctrl:i_rgb|sBUS_MATRIX[6][1][2]   ;
; 3:1                ; 3 bits    ; 6 LEs         ; 3 LEs                ; 3 LEs                  ; Yes        ; |top|rgb_matrix_io_ctrl:i_rgb|sBUS_MATRIX[6][2][1]   ;
; 3:1                ; 3 bits    ; 6 LEs         ; 3 LEs                ; 3 LEs                  ; Yes        ; |top|rgb_matrix_io_ctrl:i_rgb|sBUS_MATRIX[6][3][0]   ;
; 3:1                ; 3 bits    ; 6 LEs         ; 3 LEs                ; 3 LEs                  ; Yes        ; |top|rgb_matrix_io_ctrl:i_rgb|sBUS_MATRIX[6][4][0]   ;
; 3:1                ; 3 bits    ; 6 LEs         ; 3 LEs                ; 3 LEs                  ; Yes        ; |top|rgb_matrix_io_ctrl:i_rgb|sBUS_MATRIX[6][5][0]   ;
; 3:1                ; 3 bits    ; 6 LEs         ; 3 LEs                ; 3 LEs                  ; Yes        ; |top|rgb_matrix_io_ctrl:i_rgb|sBUS_MATRIX[6][6][0]   ;
; 3:1                ; 3 bits    ; 6 LEs         ; 3 LEs                ; 3 LEs                  ; Yes        ; |top|rgb_matrix_io_ctrl:i_rgb|sBUS_MATRIX[6][7][0]   ;
; 3:1                ; 3 bits    ; 6 LEs         ; 3 LEs                ; 3 LEs                  ; Yes        ; |top|rgb_matrix_io_ctrl:i_rgb|sBUS_MATRIX[7][0][0]   ;
; 3:1                ; 3 bits    ; 6 LEs         ; 3 LEs                ; 3 LEs                  ; Yes        ; |top|rgb_matrix_io_ctrl:i_rgb|sBUS_MATRIX[7][1][2]   ;
; 3:1                ; 3 bits    ; 6 LEs         ; 3 LEs                ; 3 LEs                  ; Yes        ; |top|rgb_matrix_io_ctrl:i_rgb|sBUS_MATRIX[7][2][2]   ;
; 3:1                ; 3 bits    ; 6 LEs         ; 3 LEs                ; 3 LEs                  ; Yes        ; |top|rgb_matrix_io_ctrl:i_rgb|sBUS_MATRIX[7][3][1]   ;
; 3:1                ; 3 bits    ; 6 LEs         ; 3 LEs                ; 3 LEs                  ; Yes        ; |top|rgb_matrix_io_ctrl:i_rgb|sBUS_MATRIX[7][4][1]   ;
; 3:1                ; 3 bits    ; 6 LEs         ; 3 LEs                ; 3 LEs                  ; Yes        ; |top|rgb_matrix_io_ctrl:i_rgb|sBUS_MATRIX[7][5][2]   ;
; 3:1                ; 3 bits    ; 6 LEs         ; 3 LEs                ; 3 LEs                  ; Yes        ; |top|rgb_matrix_io_ctrl:i_rgb|sBUS_MATRIX[7][6][2]   ;
; 3:1                ; 3 bits    ; 6 LEs         ; 3 LEs                ; 3 LEs                  ; Yes        ; |top|rgb_matrix_io_ctrl:i_rgb|sBUS_MATRIX[7][7][2]   ;
; 11:1               ; 48 bits   ; 336 LEs       ; 192 LEs              ; 144 LEs                ; Yes        ; |top|push_buttons_dec_io_ctrl:i_pbd|sMOVE_C[1]       ;
; 25:1               ; 8 bits    ; 128 LEs       ; 128 LEs              ; 0 LEs                  ; Yes        ; |top|rgb_matrix_io_ctrl:i_rgb|onCOL[3]               ;
; 3:1                ; 2 bits    ; 4 LEs         ; 2 LEs                ; 2 LEs                  ; No         ; |top|cpu_top:cpu_top_i|control_unit:cu_i|oREG_WE[7]  ;
; 8:1                ; 16 bits   ; 80 LEs        ; 80 LEs               ; 0 LEs                  ; No         ; |top|cpu_top:cpu_top_i|mux:muxb_i|oQ[12]             ;
; 11:1               ; 13 bits   ; 91 LEs        ; 91 LEs               ; 0 LEs                  ; No         ; |top|cpu_top:cpu_top_i|alu:alu_i|oC[4]               ;
; 11:1               ; 6 bits    ; 42 LEs        ; 24 LEs               ; 18 LEs                 ; No         ; |top|push_buttons_dec_io_ctrl:i_pbd|sDIR             ;
; 11:1               ; 6 bits    ; 42 LEs        ; 24 LEs               ; 18 LEs                 ; No         ; |top|push_buttons_dec_io_ctrl:i_pbd|sDIR_PREV.CENTER ;
; 537:1              ; 10 bits   ; 3580 LEs      ; 1780 LEs             ; 1800 LEs               ; No         ; |top|cpu_top:cpu_top_i|mux:muxa_i|oQ[11]             ;
; 538:1              ; 3 bits    ; 1074 LEs      ; 537 LEs              ; 537 LEs                ; No         ; |top|cpu_top:cpu_top_i|mux:muxa_i|oQ[8]              ;
; 437:1              ; 2 bits    ; 582 LEs       ; 582 LEs              ; 0 LEs                  ; No         ; |top|instr_rom:i_instr_rom|oQ[8]                     ;
; 464:1              ; 2 bits    ; 618 LEs       ; 618 LEs              ; 0 LEs                  ; No         ; |top|instr_rom:i_instr_rom|oQ[10]                    ;
; 467:1              ; 3 bits    ; 933 LEs       ; 933 LEs              ; 0 LEs                  ; No         ; |top|instr_rom:i_instr_rom|oQ[13]                    ;
; 468:1              ; 2 bits    ; 624 LEs       ; 624 LEs              ; 0 LEs                  ; No         ; |top|instr_rom:i_instr_rom|oQ[14]                    ;
+--------------------+-----------+---------------+----------------------+------------------------+------------+------------------------------------------------------+


+---------------------------------------------------------------------+
; Parameter Settings for User Entity Instance: Top-level Entity: |top ;
+------------------+----------+---------------------------------------+
; Parameter Name   ; Value    ; Type                                  ;
+------------------+----------+---------------------------------------+
; CLK_FREQ         ; 12000000 ; Signed Integer                        ;
; CNT_BITS_COMPENS ; 0        ; Signed Integer                        ;
+------------------+----------+---------------------------------------+
Note: In order to hide this table in the UI and the text report file, please set the "Show Parameter Settings in Synthesis Report" option in "Analysis and Synthesis Settings -> More Settings" to "Off".


+-------------------------------------------------------------------------+
; Parameter Settings for User Entity Instance: cpu_top:cpu_top_i|reg:r0_i ;
+----------------+-------+------------------------------------------------+
; Parameter Name ; Value ; Type                                           ;
+----------------+-------+------------------------------------------------+
; width          ; 16    ; Signed Integer                                 ;
+----------------+-------+------------------------------------------------+
Note: In order to hide this table in the UI and the text report file, please set the "Show Parameter Settings in Synthesis Report" option in "Analysis and Synthesis Settings -> More Settings" to "Off".


+-------------------------------------------------------------------------+
; Parameter Settings for User Entity Instance: cpu_top:cpu_top_i|reg:r1_i ;
+----------------+-------+------------------------------------------------+
; Parameter Name ; Value ; Type                                           ;
+----------------+-------+------------------------------------------------+
; width          ; 16    ; Signed Integer                                 ;
+----------------+-------+------------------------------------------------+
Note: In order to hide this table in the UI and the text report file, please set the "Show Parameter Settings in Synthesis Report" option in "Analysis and Synthesis Settings -> More Settings" to "Off".


+-------------------------------------------------------------------------+
; Parameter Settings for User Entity Instance: cpu_top:cpu_top_i|reg:r2_i ;
+----------------+-------+------------------------------------------------+
; Parameter Name ; Value ; Type                                           ;
+----------------+-------+------------------------------------------------+
; width          ; 16    ; Signed Integer                                 ;
+----------------+-------+------------------------------------------------+
Note: In order to hide this table in the UI and the text report file, please set the "Show Parameter Settings in Synthesis Report" option in "Analysis and Synthesis Settings -> More Settings" to "Off".


+-------------------------------------------------------------------------+
; Parameter Settings for User Entity Instance: cpu_top:cpu_top_i|reg:r3_i ;
+----------------+-------+------------------------------------------------+
; Parameter Name ; Value ; Type                                           ;
+----------------+-------+------------------------------------------------+
; width          ; 16    ; Signed Integer                                 ;
+----------------+-------+------------------------------------------------+
Note: In order to hide this table in the UI and the text report file, please set the "Show Parameter Settings in Synthesis Report" option in "Analysis and Synthesis Settings -> More Settings" to "Off".


+-------------------------------------------------------------------------+
; Parameter Settings for User Entity Instance: cpu_top:cpu_top_i|reg:r4_i ;
+----------------+-------+------------------------------------------------+
; Parameter Name ; Value ; Type                                           ;
+----------------+-------+------------------------------------------------+
; width          ; 16    ; Signed Integer                                 ;
+----------------+-------+------------------------------------------------+
Note: In order to hide this table in the UI and the text report file, please set the "Show Parameter Settings in Synthesis Report" option in "Analysis and Synthesis Settings -> More Settings" to "Off".


+-------------------------------------------------------------------------+
; Parameter Settings for User Entity Instance: cpu_top:cpu_top_i|reg:r5_i ;
+----------------+-------+------------------------------------------------+
; Parameter Name ; Value ; Type                                           ;
+----------------+-------+------------------------------------------------+
; width          ; 16    ; Signed Integer                                 ;
+----------------+-------+------------------------------------------------+
Note: In order to hide this table in the UI and the text report file, please set the "Show Parameter Settings in Synthesis Report" option in "Analysis and Synthesis Settings -> More Settings" to "Off".


+-------------------------------------------------------------------------+
; Parameter Settings for User Entity Instance: cpu_top:cpu_top_i|reg:r6_i ;
+----------------+-------+------------------------------------------------+
; Parameter Name ; Value ; Type                                           ;
+----------------+-------+------------------------------------------------+
; width          ; 16    ; Signed Integer                                 ;
+----------------+-------+------------------------------------------------+
Note: In order to hide this table in the UI and the text report file, please set the "Show Parameter Settings in Synthesis Report" option in "Analysis and Synthesis Settings -> More Settings" to "Off".


+-------------------------------------------------------------------------+
; Parameter Settings for User Entity Instance: cpu_top:cpu_top_i|reg:r7_i ;
+----------------+-------+------------------------------------------------+
; Parameter Name ; Value ; Type                                           ;
+----------------+-------+------------------------------------------------+
; width          ; 16    ; Signed Integer                                 ;
+----------------+-------+------------------------------------------------+
Note: In order to hide this table in the UI and the text report file, please set the "Show Parameter Settings in Synthesis Report" option in "Analysis and Synthesis Settings -> More Settings" to "Off".


+-----------------------------------------------------------------------+
; Parameter Settings for User Entity Instance: rgb_matrix_io_ctrl:i_rgb ;
+------------------+----------+-----------------------------------------+
; Parameter Name   ; Value    ; Type                                    ;
+------------------+----------+-----------------------------------------+
; clk_freq         ; 12000000 ; Signed Integer                          ;
; cnt_bits_compens ; 0        ; Signed Integer                          ;
+------------------+----------+-----------------------------------------+
Note: In order to hide this table in the UI and the text report file, please set the "Show Parameter Settings in Synthesis Report" option in "Analysis and Synthesis Settings -> More Settings" to "Off".


+-----------------------------------------------------------------------------------------------+
; Parameter Settings for User Entity Instance: rgb_matrix_io_ctrl:i_rgb|counter:en_row_cnt_inst ;
+----------------+-------+----------------------------------------------------------------------+
; Parameter Name ; Value ; Type                                                                 ;
+----------------+-------+----------------------------------------------------------------------+
; cnt_mod        ; 5000  ; Signed Integer                                                       ;
; cnt_bits       ; 13    ; Signed Integer                                                       ;
+----------------+-------+----------------------------------------------------------------------+
Note: In order to hide this table in the UI and the text report file, please set the "Show Parameter Settings in Synthesis Report" option in "Analysis and Synthesis Settings -> More Settings" to "Off".


+------------------------------------------------------------------------------------------------+
; Parameter Settings for User Entity Instance: rgb_matrix_io_ctrl:i_rgb|counter:mux_row_cnt_inst ;
+----------------+-------+-----------------------------------------------------------------------+
; Parameter Name ; Value ; Type                                                                  ;
+----------------+-------+-----------------------------------------------------------------------+
; cnt_mod        ; 8     ; Signed Integer                                                        ;
; cnt_bits       ; 3     ; Signed Integer                                                        ;
+----------------+-------+-----------------------------------------------------------------------+
Note: In order to hide this table in the UI and the text report file, please set the "Show Parameter Settings in Synthesis Report" option in "Analysis and Synthesis Settings -> More Settings" to "Off".


+--------------------------------------------------------------------------------------------------+
; Parameter Settings for User Entity Instance: rgb_matrix_io_ctrl:i_rgb|counter:mux_color_cnt_inst ;
+----------------+-------+-------------------------------------------------------------------------+
; Parameter Name ; Value ; Type                                                                    ;
+----------------+-------+-------------------------------------------------------------------------+
; cnt_mod        ; 4     ; Signed Integer                                                          ;
; cnt_bits       ; 2     ; Signed Integer                                                          ;
+----------------+-------+-------------------------------------------------------------------------+
Note: In order to hide this table in the UI and the text report file, please set the "Show Parameter Settings in Synthesis Report" option in "Analysis and Synthesis Settings -> More Settings" to "Off".


+-----------------------------------------------------------------------------------------------------------------+
; Port Connectivity Checks: "rgb_matrix_io_ctrl:i_rgb|counter:mux_color_cnt_inst"                                 ;
+-------+--------+----------+-------------------------------------------------------------------------------------+
; Port  ; Type   ; Severity ; Details                                                                             ;
+-------+--------+----------+-------------------------------------------------------------------------------------+
; i_rst ; Input  ; Info     ; Stuck at GND                                                                        ;
; o_tc  ; Output ; Info     ; Connected to dangling logic. Logic that only feeds a dangling port will be removed. ;
+-------+--------+----------+-------------------------------------------------------------------------------------+


+-------------------------------------------------------------------------------+
; Port Connectivity Checks: "rgb_matrix_io_ctrl:i_rgb|counter:mux_row_cnt_inst" ;
+-------+-------+----------+----------------------------------------------------+
; Port  ; Type  ; Severity ; Details                                            ;
+-------+-------+----------+----------------------------------------------------+
; i_rst ; Input ; Info     ; Stuck at GND                                       ;
+-------+-------+----------+----------------------------------------------------+


+-----------------------------------------------------------------------------------------------------------------+
; Port Connectivity Checks: "rgb_matrix_io_ctrl:i_rgb|counter:en_row_cnt_inst"                                    ;
+-------+--------+----------+-------------------------------------------------------------------------------------+
; Port  ; Type   ; Severity ; Details                                                                             ;
+-------+--------+----------+-------------------------------------------------------------------------------------+
; i_rst ; Input  ; Info     ; Stuck at GND                                                                        ;
; i_en  ; Input  ; Info     ; Stuck at VCC                                                                        ;
; o_cnt ; Output ; Info     ; Connected to dangling logic. Logic that only feeds a dangling port will be removed. ;
+-------+--------+----------+-------------------------------------------------------------------------------------+


+-------------------------------------------------------------------------------------------------------------------------+
; Port Connectivity Checks: "cpu_top:cpu_top_i"                                                                           ;
+---------------+--------+----------+-------------------------------------------------------------------------------------+
; Port          ; Type   ; Severity ; Details                                                                             ;
+---------------+--------+----------+-------------------------------------------------------------------------------------+
; oaddr[15..10] ; Output ; Info     ; Connected to dangling logic. Logic that only feeds a dangling port will be removed. ;
+---------------+--------+----------+-------------------------------------------------------------------------------------+


+-----------------------------------------------------+
; Post-Synthesis Netlist Statistics for Top Partition ;
+-----------------------+-----------------------------+
; Type                  ; Count                       ;
+-----------------------+-----------------------------+
; boundary_port         ; 36                          ;
; cycloneiii_ff         ; 4713                        ;
;     CLR               ; 26                          ;
;     CLR SLD           ; 16                          ;
;     ENA               ; 16                          ;
;     ENA CLR           ; 4622                        ;
;     ENA SCLR          ; 16                          ;
;     ENA SCLR SLD      ; 16                          ;
;     plain             ; 1                           ;
; cycloneiii_lcell_comb ; 5316                        ;
;     arith             ; 91                          ;
;         2 data inputs ; 59                          ;
;         3 data inputs ; 32                          ;
;     normal            ; 5225                        ;
;         0 data inputs ; 5                           ;
;         1 data inputs ; 659                         ;
;         2 data inputs ; 68                          ;
;         3 data inputs ; 488                         ;
;         4 data inputs ; 4005                        ;
;                       ;                             ;
; Max LUT depth         ; 35.60                       ;
; Average LUT depth     ; 24.29                       ;
+-----------------------+-----------------------------+


+-------------------------------+
; Elapsed Time Per Partition    ;
+----------------+--------------+
; Partition Name ; Elapsed Time ;
+----------------+--------------+
; Top            ; 00:02:36     ;
+----------------+--------------+


+-------------------------------+
; Analysis & Synthesis Messages ;
+-------------------------------+
Info: *******************************************************************
Info: Running Quartus Prime Analysis & Synthesis
    Info: Version 19.1.0 Build 670 09/22/2019 SJ Lite Edition
    Info: Processing started: Tue Jan 17 16:41:47 2023
Info: Command: quartus_map --read_settings_files=on --write_settings_files=off LPRS1_CPU -c LPRS1_CPU
Info (20032): Parallel compilation is enabled and will use up to 4 processors
Info (12021): Found 2 design units, including 1 entities, in source file src/hdl/top_tb.vhd
    Info (12022): Found design unit 1: top_tb-Behavior File: C:/Users/Student/Desktop/ds/LPRS1_CPU_RGB_Matrix_PB/src/hdl/top_tb.vhd Line: 24
    Info (12023): Found entity 1: top_tb File: C:/Users/Student/Desktop/ds/LPRS1_CPU_RGB_Matrix_PB/src/hdl/top_tb.vhd Line: 21
Info (12021): Found 2 design units, including 1 entities, in source file src/hdl/top.vhd
    Info (12022): Found design unit 1: top-arch File: C:/Users/Student/Desktop/ds/LPRS1_CPU_RGB_Matrix_PB/src/hdl/top.vhd Line: 40
    Info (12023): Found entity 1: top File: C:/Users/Student/Desktop/ds/LPRS1_CPU_RGB_Matrix_PB/src/hdl/top.vhd Line: 18
Info (12021): Found 2 design units, including 1 entities, in source file src/hdl/rgb_matrix_io_ctrl.vhd
    Info (12022): Found design unit 1: rgb_matrix_io_ctrl-Behavioral File: C:/Users/Student/Desktop/ds/LPRS1_CPU_RGB_Matrix_PB/src/hdl/rgb_matrix_io_ctrl.vhd Line: 37
    Info (12023): Found entity 1: rgb_matrix_io_ctrl File: C:/Users/Student/Desktop/ds/LPRS1_CPU_RGB_Matrix_PB/src/hdl/rgb_matrix_io_ctrl.vhd Line: 18
Info (12021): Found 2 design units, including 1 entities, in source file src/hdl/push_buttons_dec_io_ctrl.vhd
    Info (12022): Found design unit 1: push_buttons_dec_io_ctrl-Behavioral File: C:/Users/Student/Desktop/ds/LPRS1_CPU_RGB_Matrix_PB/src/hdl/push_buttons_dec_io_ctrl.vhd Line: 36
    Info (12023): Found entity 1: push_buttons_dec_io_ctrl File: C:/Users/Student/Desktop/ds/LPRS1_CPU_RGB_Matrix_PB/src/hdl/push_buttons_dec_io_ctrl.vhd Line: 19
Info (12021): Found 2 design units, including 1 entities, in source file src/hdl/counter.vhd
    Info (12022): Found design unit 1: counter-counter_arch File: C:/Users/Student/Desktop/ds/LPRS1_CPU_RGB_Matrix_PB/src/hdl/counter.vhd Line: 26
    Info (12023): Found entity 1: counter File: C:/Users/Student/Desktop/ds/LPRS1_CPU_RGB_Matrix_PB/src/hdl/counter.vhd Line: 9
Info (12021): Found 2 design units, including 1 entities, in source file src/hdl/register.vhd
    Info (12022): Found design unit 1: reg-Behavioral File: C:/Users/Student/Desktop/ds/LPRS1_CPU_RGB_Matrix_PB/src/hdl/register.vhd Line: 24
    Info (12023): Found entity 1: reg File: C:/Users/Student/Desktop/ds/LPRS1_CPU_RGB_Matrix_PB/src/hdl/register.vhd Line: 15
Warning (12090): Entity "mux" obtained from "src/hdl/mux.vhd" instead of from Quartus Prime megafunction library File: C:/Users/Student/Desktop/ds/LPRS1_CPU_RGB_Matrix_PB/src/hdl/mux.vhd Line: 15
Info (12021): Found 2 design units, including 1 entities, in source file src/hdl/mux.vhd
    Info (12022): Found design unit 1: mux-Behavioral File: C:/Users/Student/Desktop/ds/LPRS1_CPU_RGB_Matrix_PB/src/hdl/mux.vhd Line: 29
    Info (12023): Found entity 1: mux File: C:/Users/Student/Desktop/ds/LPRS1_CPU_RGB_Matrix_PB/src/hdl/mux.vhd Line: 15
Info (12021): Found 2 design units, including 1 entities, in source file src/hdl/instr_rom.vhd
    Info (12022): Found design unit 1: instr_rom-Behavioral File: C:/Users/Student/Desktop/ds/LPRS1_CPU_RGB_Matrix_PB/src/hdl/instr_rom.vhd Line: 25
    Info (12023): Found entity 1: instr_rom File: C:/Users/Student/Desktop/ds/LPRS1_CPU_RGB_Matrix_PB/src/hdl/instr_rom.vhd Line: 17
Info (12021): Found 2 design units, including 1 entities, in source file src/hdl/data_ram.vhd
    Info (12022): Found design unit 1: data_ram-Behavioral File: C:/Users/Student/Desktop/ds/LPRS1_CPU_RGB_Matrix_PB/src/hdl/data_ram.vhd Line: 28
    Info (12023): Found entity 1: data_ram File: C:/Users/Student/Desktop/ds/LPRS1_CPU_RGB_Matrix_PB/src/hdl/data_ram.vhd Line: 17
Info (12021): Found 2 design units, including 1 entities, in source file src/hdl/cpu_top.vhd
    Info (12022): Found design unit 1: cpu_top-arch File: C:/Users/Student/Desktop/ds/LPRS1_CPU_RGB_Matrix_PB/src/hdl/cpu_top.vhd Line: 32
    Info (12023): Found entity 1: cpu_top File: C:/Users/Student/Desktop/ds/LPRS1_CPU_RGB_Matrix_PB/src/hdl/cpu_top.vhd Line: 18
Info (12021): Found 2 design units, including 1 entities, in source file src/hdl/control_unit.vhd
    Info (12022): Found design unit 1: control_unit-arch File: C:/Users/Student/Desktop/ds/LPRS1_CPU_RGB_Matrix_PB/src/hdl/control_unit.vhd Line: 35
    Info (12023): Found entity 1: control_unit File: C:/Users/Student/Desktop/ds/LPRS1_CPU_RGB_Matrix_PB/src/hdl/control_unit.vhd Line: 16
Info (12021): Found 2 design units, including 1 entities, in source file src/hdl/cnt.vhd
    Info (12022): Found design unit 1: cnt-arch File: C:/Users/Student/Desktop/ds/LPRS1_CPU_RGB_Matrix_PB/src/hdl/cnt.vhd Line: 29
    Info (12023): Found entity 1: cnt File: C:/Users/Student/Desktop/ds/LPRS1_CPU_RGB_Matrix_PB/src/hdl/cnt.vhd Line: 19
Info (12021): Found 2 design units, including 1 entities, in source file src/hdl/alu.vhd
    Info (12022): Found design unit 1: alu-arch File: C:/Users/Student/Desktop/ds/LPRS1_CPU_RGB_Matrix_PB/src/hdl/alu.vhd Line: 29
    Info (12023): Found entity 1: alu File: C:/Users/Student/Desktop/ds/LPRS1_CPU_RGB_Matrix_PB/src/hdl/alu.vhd Line: 17
Info (12127): Elaborating entity "top" for the top level hierarchy
Info (12128): Elaborating entity "cpu_top" for hierarchy "cpu_top:cpu_top_i" File: C:/Users/Student/Desktop/ds/LPRS1_CPU_RGB_Matrix_PB/src/hdl/top.vhd Line: 59
Info (12128): Elaborating entity "alu" for hierarchy "cpu_top:cpu_top_i|alu:alu_i" File: C:/Users/Student/Desktop/ds/LPRS1_CPU_RGB_Matrix_PB/src/hdl/cpu_top.vhd Line: 51
Info (12128): Elaborating entity "cnt" for hierarchy "cpu_top:cpu_top_i|cnt:pc_i" File: C:/Users/Student/Desktop/ds/LPRS1_CPU_RGB_Matrix_PB/src/hdl/cpu_top.vhd Line: 77
Info (12128): Elaborating entity "control_unit" for hierarchy "cpu_top:cpu_top_i|control_unit:cu_i" File: C:/Users/Student/Desktop/ds/LPRS1_CPU_RGB_Matrix_PB/src/hdl/cpu_top.vhd Line: 86
Info (12128): Elaborating entity "mux" for hierarchy "cpu_top:cpu_top_i|mux:muxa_i" File: C:/Users/Student/Desktop/ds/LPRS1_CPU_RGB_Matrix_PB/src/hdl/cpu_top.vhd Line: 104
Info (12128): Elaborating entity "reg" for hierarchy "cpu_top:cpu_top_i|reg:r0_i" File: C:/Users/Student/Desktop/ds/LPRS1_CPU_RGB_Matrix_PB/src/hdl/cpu_top.vhd Line: 134
Info (12128): Elaborating entity "instr_rom" for hierarchy "instr_rom:i_instr_rom" File: C:/Users/Student/Desktop/ds/LPRS1_CPU_RGB_Matrix_PB/src/hdl/top.vhd Line: 72
Info (12128): Elaborating entity "data_ram" for hierarchy "data_ram:i_data_ram" File: C:/Users/Student/Desktop/ds/LPRS1_CPU_RGB_Matrix_PB/src/hdl/top.vhd Line: 78
Warning (10492): VHDL Process Statement warning at data_ram.vhd(40): signal "sMEM" is read inside the Process Statement but isn't in the Process Statement's sensitivity list File: C:/Users/Student/Desktop/ds/LPRS1_CPU_RGB_Matrix_PB/src/hdl/data_ram.vhd Line: 40
Info (12128): Elaborating entity "rgb_matrix_io_ctrl" for hierarchy "rgb_matrix_io_ctrl:i_rgb" File: C:/Users/Student/Desktop/ds/LPRS1_CPU_RGB_Matrix_PB/src/hdl/top.vhd Line: 88
Warning (10036): Verilog HDL or VHDL warning at rgb_matrix_io_ctrl.vhd(56): object "round_done" assigned a value but never read File: C:/Users/Student/Desktop/ds/LPRS1_CPU_RGB_Matrix_PB/src/hdl/rgb_matrix_io_ctrl.vhd Line: 56
Info (10008): Verilog HDL or VHDL information: EDA Netlist Writer cannot regroup multidimensional array "sBUS_MATRIX" into its bus
Info (10008): Verilog HDL or VHDL information: EDA Netlist Writer cannot regroup multidimensional array "sOUT_MATRIX" into its bus
Info (12128): Elaborating entity "counter" for hierarchy "rgb_matrix_io_ctrl:i_rgb|counter:en_row_cnt_inst" File: C:/Users/Student/Desktop/ds/LPRS1_CPU_RGB_Matrix_PB/src/hdl/rgb_matrix_io_ctrl.vhd Line: 103
Info (12128): Elaborating entity "counter" for hierarchy "rgb_matrix_io_ctrl:i_rgb|counter:mux_row_cnt_inst" File: C:/Users/Student/Desktop/ds/LPRS1_CPU_RGB_Matrix_PB/src/hdl/rgb_matrix_io_ctrl.vhd Line: 119
Info (12128): Elaborating entity "counter" for hierarchy "rgb_matrix_io_ctrl:i_rgb|counter:mux_color_cnt_inst" File: C:/Users/Student/Desktop/ds/LPRS1_CPU_RGB_Matrix_PB/src/hdl/rgb_matrix_io_ctrl.vhd Line: 134
Info (12128): Elaborating entity "push_buttons_dec_io_ctrl" for hierarchy "push_buttons_dec_io_ctrl:i_pbd" File: C:/Users/Student/Desktop/ds/LPRS1_CPU_RGB_Matrix_PB/src/hdl/top.vhd Line: 106
Info (13000): Registers with preset signals will power-up high File: C:/Users/Student/Desktop/ds/LPRS1_CPU_RGB_Matrix_PB/src/hdl/data_ram.vhd Line: 38
Info (13003): DEV_CLRn pin will set, and not reset, register with preset signal due to NOT Gate Push-Back
Info (286030): Timing-Driven Synthesis is running
Info (17049): 5 registers lost all their fanouts during netlist optimizations.
Info (16010): Generating hard_block partition "hard_block:auto_generated_inst"
    Info (16011): Adding 0 node(s), including 0 DDIO, 0 PLL, 0 transceiver and 0 LCELL
Info (21057): Implemented 9355 device resources after synthesis - the final resource count might be different
    Info (21058): Implemented 7 input pins
    Info (21059): Implemented 29 output pins
    Info (21061): Implemented 9319 logic cells
Info: Quartus Prime Analysis & Synthesis was successful. 0 errors, 3 warnings
    Info: Peak virtual memory: 4829 megabytes
    Info: Processing ended: Tue Jan 17 16:44:38 2023
    Info: Elapsed time: 00:02:51
    Info: Total CPU time (on all processors): 00:03:03


